<?xml version="1.0" encoding="UTF-8"?>
<testsuite name="com.StateCensusTests" tests="1" skipped="0" failures="0" errors="0" timestamp="2019-12-03T11:40:47" hostname="admin1-desktop" time="0.105">
  <properties/>
  <testcase name="storeDataInto_Json" classname="com.StateCensusTests" time="0.105"/>
  <system-out><![CDATA[]]></system-out>
  <system-err><![CDATA[]]></system-err>
</testsuite>
