<?xml version="1.0" encoding="UTF-8"?>
<testsuite name="com.StateCensusTests" tests="1" skipped="0" failures="0" errors="0" timestamp="2019-12-03T13:08:46" hostname="admin1-desktop" time="0.122">
  <properties/>
  <testcase name="storeDataInto_Json_PopulationDescending" classname="com.StateCensusTests" time="0.122"/>
  <system-out><![CDATA[]]></system-out>
  <system-err><![CDATA[]]></system-err>
</testsuite>
