<?xml version="1.0" encoding="UTF-8"?>
<testsuite name="com.StateCensusTests" tests="1" skipped="0" failures="0" errors="0" timestamp="2019-12-02T06:25:44" hostname="admin1-desktop" time="0.078">
  <properties/>
  <testcase name="givenCSVFile_WhenHeaderIncorrect_ThrowsException" classname="com.StateCensusTests" time="0.078"/>
  <system-out><![CDATA[]]></system-out>
  <system-err><![CDATA[]]></system-err>
</testsuite>
