<?xml version="1.0" encoding="UTF-8"?>
<testsuite name="com.StateCensusTests" tests="1" skipped="0" failures="0" errors="0" timestamp="2019-12-02T07:17:03" hostname="admin1-desktop" time="0.091">
  <properties/>
  <testcase name="givenStateDataCSVFile_WhenTypeIncorrect_ThrowsException" classname="com.StateCensusTests" time="0.091"/>
  <system-out><![CDATA[]]></system-out>
  <system-err><![CDATA[]]></system-err>
</testsuite>
