<?xml version="1.0" encoding="UTF-8"?>
<testsuite name="com.StateCensusTests" tests="1" skipped="0" failures="0" errors="0" timestamp="2019-12-03T12:57:46" hostname="admin1-desktop" time="0.005">
  <properties/>
  <testcase name="givenCSVFileToConvertToJson_WhenSourceFilePathIncorrect_ReturnsException" classname="com.StateCensusTests" time="0.005"/>
  <system-out><![CDATA[Enter Correct File path
]]></system-out>
  <system-err><![CDATA[]]></system-err>
</testsuite>
