<?xml version="1.0" encoding="UTF-8"?>
<testsuite name="com.StateCensusTests" tests="1" skipped="0" failures="0" errors="0" timestamp="2019-12-03T12:49:36" hostname="admin1-desktop" time="0.111">
  <properties/>
  <testcase name="givenCSVFileToConvertToJson_WhenDestinationFilePathIncorrect_Returns" classname="com.StateCensusTests" time="0.111"/>
  <system-out><![CDATA[Enter Correct File path
]]></system-out>
  <system-err><![CDATA[]]></system-err>
</testsuite>
