<?xml version="1.0" encoding="UTF-8"?>
<testsuite name="com.CensusTest" tests="1" skipped="0" failures="0" errors="0" timestamp="2019-12-07T13:15:50" hostname="admin1-desktop" time="0.087">
  <properties/>
  <testcase name="givenCSVFile_WhenCorrect_CountsNumberOfRecordsMatches" classname="com.CensusTest" time="0.087"/>
  <system-out><![CDATA[]]></system-out>
  <system-err><![CDATA[]]></system-err>
</testsuite>
