<?xml version="1.0" encoding="UTF-8"?>
<testsuite name="com.StateCensusTests" tests="1" skipped="0" failures="0" errors="0" timestamp="2019-12-02T05:17:41" hostname="admin1-desktop" time="0.003">
  <properties/>
  <testcase name="givenCSVFile_WhenIncorrect_ThrowsCustomException" classname="com.StateCensusTests" time="0.003"/>
  <system-out><![CDATA[]]></system-out>
  <system-err><![CDATA[]]></system-err>
</testsuite>
